V, [2017-04-18T17:29:42.835305 #90069] VERBOSE -- 8f873939-d78b-4257-8229-3fb81e1aebd8: TokenRequest getting token with refresh token digest 7c62031803af7e11c7a4324169c01b2b5b06a8bf377c24d48d9b7cd50021886f and resource https://graph.windows.net.
V, [2017-04-18T17:29:42.835381 #90069] VERBOSE -- 8f873939-d78b-4257-8229-3fb81e1aebd8: Resorting to OAuth to fulfill token request.
V, [2017-04-18T17:29:43.095103 #90069] VERBOSE -- 8f873939-d78b-4257-8229-3fb81e1aebd8: Attempting to create a TokenResponse from raw response.
W, [2017-04-18T17:29:43.095286 #90069]  WARN -- 8f873939-d78b-4257-8229-3fb81e1aebd8: No id token found.
I, [2017-04-18T17:29:43.095403 #90069]  INFO -- 8f873939-d78b-4257-8229-3fb81e1aebd8: Parsed a SuccessResponse with access token digest 07e169d29669bdcd32994042db1ac6f6a393366beae576685dcbfcda60edc12a and refresh token digest 44ca999b177558a9b21e4483f642390a5fc2bbaaccde437e85bf8185df511e50.
V, [2017-04-18T20:23:01.101665 #3060] VERBOSE -- b287dc8f-1cc0-4898-be6a-68a746fe6308: TokenRequest getting token with authorization code AQABAAIAAABnfiG-mA6NTae7CdWW7QfdOuSwF22HbT0r8QDA4BOUOJvNFAA3N146oj9TrUc0Gp8KAI0YkelwDYK_lSBkycOv7iTodbVAZ7TFElex0SzkZcmbRGmVWlgcDp6yDuJw99ARJM_M3ZOlv4dqiT8rTlUCAEJkZ0Ic6C07Mxt63g5nttBx3iKb5paijoKeupIB-kFQqtVy2E4gHcUiKUiuf_5tYR1VhrLh4yAWyLzF0J0clTUwyKjaG0cKb-1kZJ1U_M7t5AolrG84nAh4nPKQI8P89wMTKA_ppPc5siQtt_jBS-vrqUBN2eNZsTjnOunQCYCr8Ip59v6iqAJ0iUXsD9wPG7gR3GF0sFpCboczWmEamxk7xVLzaNGT0xZns0Yx2SvQ6cYBmUgR6bXVbHm3QaQDTNfCSeSVA1hPolinN-aMF5cLQV-y4RFlxWT3tofugDrndxRQuTeO24jXM0ezhlVTZZBf3VOn_EFIWHfzv-Xp-uIaWl4jo6n0Yi2SZmcW4WgdZi824LzlBVKIKnKk3zcEpYkNBsV6UNYRg9-Z3solIWIxqzGLBvdFv5GebEJj3st3hdOBY3JW6lG8m8Lxp47MFKKBIdP8uyghxQ0uBmjphdzgI0ZW86x2dqy9WmpTVjaeYX3DAVuuVGsZfhnE2KB2-6cqWKPlN3tF7-1nbIE8xHnoJVd9Cg7z3isvMGI7vHzU8sQK1VMQW2b7c-BHkIEOIAA, redirect_uri http://localhost:4567/auth and resource https://graph.windows.net.
V, [2017-04-18T20:23:01.102561 #3060] VERBOSE -- b287dc8f-1cc0-4898-be6a-68a746fe6308: TokenRequest checking cache #<ADAL::MemoryCache:0x007fed9d0b0468> for token.
V, [2017-04-18T20:23:01.102906 #3060] VERBOSE -- b287dc8f-1cc0-4898-be6a-68a746fe6308: Searching cache for tokens by keys: [:authority, :client_id].
V, [2017-04-18T20:23:01.102931 #3060] VERBOSE -- b287dc8f-1cc0-4898-be6a-68a746fe6308: Validating 0 possible cache matches.
V, [2017-04-18T20:23:01.102948 #3060] VERBOSE -- b287dc8f-1cc0-4898-be6a-68a746fe6308: Looking through 0 matching cache entries for resource https://graph.windows.net.
V, [2017-04-18T20:23:01.102962 #3060] VERBOSE -- b287dc8f-1cc0-4898-be6a-68a746fe6308: Attempting to obtain access token for https://graph.windows.net by refreshing 1 of 0 matching MRRTs.
I, [2017-04-18T20:23:01.102984 #3060]  INFO -- b287dc8f-1cc0-4898-be6a-68a746fe6308: Did not find token in cache.
V, [2017-04-18T20:23:01.103013 #3060] VERBOSE -- b287dc8f-1cc0-4898-be6a-68a746fe6308: Resorting to OAuth to fulfill token request.
V, [2017-04-18T20:23:01.936079 #3060] VERBOSE -- b287dc8f-1cc0-4898-be6a-68a746fe6308: Attempting to create a TokenResponse from raw response.
V, [2017-04-18T20:23:01.936270 #3060] VERBOSE -- b287dc8f-1cc0-4898-be6a-68a746fe6308: Attempting to decode id token in token response.
I, [2017-04-18T20:23:01.937522 #3060]  INFO -- b287dc8f-1cc0-4898-be6a-68a746fe6308: Parsed a SuccessResponse with access token digest ea22c78a3503f37a9a75397fb48fd3a28ec5a7026be1b708104b83d132463f60 and refresh token digest 5c78ef96b54b5d61f27eda18edf8c4a117243976686b5e487e158d20fd7f689e.
V, [2017-04-18T20:23:01.937564 #3060] VERBOSE -- b287dc8f-1cc0-4898-be6a-68a746fe6308: Adding successful TokenResponse to cache.
V, [2017-04-18T20:23:01.937647 #3060] VERBOSE -- b287dc8f-1cc0-4898-be6a-68a746fe6308: Added 1 new entries to cache.
V, [2017-04-18T20:23:11.851954 #3060] VERBOSE -- b287dc8f-1cc0-4898-be6a-68a746fe6308: TokenRequest getting token with refresh token digest 5c78ef96b54b5d61f27eda18edf8c4a117243976686b5e487e158d20fd7f689e and resource https://graph.windows.net.
V, [2017-04-18T20:23:11.852036 #3060] VERBOSE -- b287dc8f-1cc0-4898-be6a-68a746fe6308: Resorting to OAuth to fulfill token request.
V, [2017-04-18T20:23:12.264700 #3060] VERBOSE -- b287dc8f-1cc0-4898-be6a-68a746fe6308: Attempting to create a TokenResponse from raw response.
W, [2017-04-18T20:23:12.264904 #3060]  WARN -- b287dc8f-1cc0-4898-be6a-68a746fe6308: No id token found.
I, [2017-04-18T20:23:12.265020 #3060]  INFO -- b287dc8f-1cc0-4898-be6a-68a746fe6308: Parsed a SuccessResponse with access token digest 258743e3291444dc2cddda308c25a03b42e596cf5aa9a51a451842dbba8fe73d and refresh token digest fde12650b1687872b3a4da7bf7211e1d7964fa0eeaf7307289f63c1953e14479.
V, [2017-04-18T20:56:56.616983 #24787] VERBOSE -- 9b8bc4eb-426f-4b55-8520-d5fd961bb7c6: TokenRequest getting token with authorization code AQABAAIAAABnfiG-mA6NTae7CdWW7QfdkxVSlju_QA3nN9t5DiWJvp_2bBCLVUlwo88L7yvka8zTeX0FnwlLrA6xmaUdQvNTs56jv9eKS2gRAEfbNIOARhJqbEubyoPVufX00Lo1wiGTbqYCnJ0zZAh9fHpEpUYM94-AeitUsi3PwxcXKcQ4QlLJNOgWUvXenb8cawox7WMvlfYthvL7WheJ1NmcczKhOusG0s05GmYF2vE43J8rr5irU6ic93DC5yx-r7BYQOBf32Z7K267KAgNe4nWD0XU_JO2T3UEAW6heM44nb-fTQ2v881P14FrQTg80KgmQlEAVZv_Fj6f3YK09qEv4L33TQUIqKkmjnehOi-zGnBFECN9WQNY0RyWRCs7Rca0TXBa1QGPHmqjRf7iBbnhkULZkTRS7k9kutgP7-dlQidfDZot9Gty7OXDRehRyP7JnfYH63NYGA7Jd_W8Jb4JljsfBScmUofpMJp4rlPtE7Lzi-mUY53q836qNjZrlcpuf5knyh97_FJYAKag30trK1en33CKy4CpgPAEczpvHV1BeBGUb-7W2hJLeHrQco8qlGSclTmiMxmgh39ymON0NLhYApHU0wGYC3biT4EQlj2QdMig9T1GO6lrDKjVRXLHumRhmp9HNDgbRxbVAxMClbATa27Bb-AT37nHkFc2yoesMnFxkNAVAyjJl03Xh89XYp5vIZEhlpvQG2it1S66oxK5IAA, redirect_uri http://localhost:4567/auth and resource https://graph.windows.net.
V, [2017-04-18T20:56:56.617318 #24787] VERBOSE -- 9b8bc4eb-426f-4b55-8520-d5fd961bb7c6: TokenRequest checking cache #<ADAL::MemoryCache:0x007f8ba288e688> for token.
V, [2017-04-18T20:56:56.617381 #24787] VERBOSE -- 9b8bc4eb-426f-4b55-8520-d5fd961bb7c6: Searching cache for tokens by keys: [:authority, :client_id].
V, [2017-04-18T20:56:56.617406 #24787] VERBOSE -- 9b8bc4eb-426f-4b55-8520-d5fd961bb7c6: Validating 0 possible cache matches.
V, [2017-04-18T20:56:56.617424 #24787] VERBOSE -- 9b8bc4eb-426f-4b55-8520-d5fd961bb7c6: Looking through 0 matching cache entries for resource https://graph.windows.net.
V, [2017-04-18T20:56:56.617438 #24787] VERBOSE -- 9b8bc4eb-426f-4b55-8520-d5fd961bb7c6: Attempting to obtain access token for https://graph.windows.net by refreshing 1 of 0 matching MRRTs.
I, [2017-04-18T20:56:56.617450 #24787]  INFO -- 9b8bc4eb-426f-4b55-8520-d5fd961bb7c6: Did not find token in cache.
V, [2017-04-18T20:56:56.617469 #24787] VERBOSE -- 9b8bc4eb-426f-4b55-8520-d5fd961bb7c6: Resorting to OAuth to fulfill token request.
V, [2017-04-18T20:56:57.667603 #24787] VERBOSE -- 9b8bc4eb-426f-4b55-8520-d5fd961bb7c6: Attempting to create a TokenResponse from raw response.
V, [2017-04-18T20:56:57.667848 #24787] VERBOSE -- 9b8bc4eb-426f-4b55-8520-d5fd961bb7c6: Attempting to decode id token in token response.
I, [2017-04-18T20:56:57.668762 #24787]  INFO -- 9b8bc4eb-426f-4b55-8520-d5fd961bb7c6: Parsed a SuccessResponse with access token digest 878a3ee9e8a44f5fa3ff7245828c1e7cdcb33efa7e0645d9012a8583f9f464a2 and refresh token digest 2128acea81c3a05a9b5ccee56763eeef7588bd46676a9f0464a2a984dfd9e31a.
V, [2017-04-18T20:56:57.668810 #24787] VERBOSE -- 9b8bc4eb-426f-4b55-8520-d5fd961bb7c6: Adding successful TokenResponse to cache.
V, [2017-04-18T20:56:57.668897 #24787] VERBOSE -- 9b8bc4eb-426f-4b55-8520-d5fd961bb7c6: Added 1 new entries to cache.
V, [2017-04-18T20:57:15.161805 #24787] VERBOSE -- 9b8bc4eb-426f-4b55-8520-d5fd961bb7c6: TokenRequest getting token with authorization code AQABAAIAAABnfiG-mA6NTae7CdWW7Qfd6vWekW61mxGbPJhDXiCOIXeIm-yKoZ91Eit4N3iKDYXrHPZq4o8yucnEyh20XEc0vudjBPh9izbIJVMEaMJeJZYx3et33C17_TU0aENWTdofEHJ4Jwkc6vnczAe1T5U-tr4fUSmX3rNeC_FXEifRvXDFbGdLJC_u9WDLxx3Pw1d1JrNHrxgyHoGJ75pQUZytHpoziHGFo0AlxoErEWa-yJ-d4awVKw6k80ugI5-qHeDHuSe3wEjVZb2_zCkFLUQdWPAst5vIUp_y39QQmyX4TZjJMhis1RAnEwn-y140EWXkoxCfZoA5_t0WMujSSvHSBYNAivLsvvGe0HI1NMYRcecFEkjBNnsI9Kxb_rFbk7oCpb49S8qMPIAKyaypzZhjXxDCLNKwUqkM91hroTVeSYVaDjjgx0fUpktWu1fU3nVgkKKnmzNdFikCZmJQ1wWLzw6K9Pwu_kS6RNeyZbdVb791f0pvbhtjpZ82DZR0YshkTWSz2WYqafo1vzdg0woAdTmP-aFCFmBrxasr_VQN8gPe271-AwGUr23HPEzls4k98LCJwsMDy7Dup_kXBUKemRIRgFTJpyik4G0CjX-tb0D2Akh5pqs03-YmhWPhOtLYML0SzfVvshnqic4m6Nj57TAbqgw8x-6dN4S41DTXWu80uwdXKj4zTw9Yz0etoHFX2xJBAno0bJzufV1j2NtyIAA, redirect_uri http://localhost:4567/auth and resource https://graph.windows.net.
V, [2017-04-18T20:57:15.162198 #24787] VERBOSE -- 9b8bc4eb-426f-4b55-8520-d5fd961bb7c6: TokenRequest checking cache #<ADAL::MemoryCache:0x007f8ba288e688> for token.
V, [2017-04-18T20:57:15.162272 #24787] VERBOSE -- 9b8bc4eb-426f-4b55-8520-d5fd961bb7c6: Searching cache for tokens by keys: [:authority, :client_id].
V, [2017-04-18T20:57:15.162301 #24787] VERBOSE -- 9b8bc4eb-426f-4b55-8520-d5fd961bb7c6: Validating 1 possible cache matches.
V, [2017-04-18T20:57:15.162354 #24787] VERBOSE -- 9b8bc4eb-426f-4b55-8520-d5fd961bb7c6: Looking through 1 matching cache entries for resource https://graph.windows.net.
I, [2017-04-18T20:57:15.162371 #24787]  INFO -- 9b8bc4eb-426f-4b55-8520-d5fd961bb7c6: Found token in cache.
